<?xml version="1.0" encoding="UTF-8"?>
<!-- Generated by org.testng.reporters.JUnitXMLReporter -->
<testsuite hostname="Marks-MBP.lan1" failures="0" tests="41" name="Surefire test" time="3.465" errors="0" timestamp="1 Mar 2021 21:41:28 GMT">
  <testcase classname="com.okta.test.mock.tests.ImplicitLocalValidationIT" name="@BeforeClass start" time="0.0">
    <failure type="java.lang.AssertionError" message="Process did not start: ./mvnw: exit status: 1">
      <![CDATA[java.lang.AssertionError: Process did not start: ./mvnw: exit status: 1
	at groovy.lang.MetaMethod.doMethodInvoke(MetaMethod.java:323)
	at org.codehaus.groovy.runtime.callsite.StaticMetaMethodSite$StaticMetaMethodSiteNoUnwrap.invoke(StaticMetaMethodSite.java:131)
	at org.codehaus.groovy.runtime.callsite.StaticMetaMethodSite.call(StaticMetaMethodSite.java:89)
	at org.codehaus.groovy.runtime.callsite.CallSiteArray.defaultCall(CallSiteArray.java:47)
	at org.codehaus.groovy.runtime.callsite.AbstractCallSite.call(AbstractCallSite.java:115)
	at org.codehaus.groovy.runtime.callsite.AbstractCallSite.call(AbstractCallSite.java:127)
	at com.okta.test.mock.application.CliApplicationUnderTest.start(CliApplicationUnderTest.groovy:48)
	at com.okta.test.mock.application.ApplicationUnderTest$start$0.call(Unknown Source)
	at org.codehaus.groovy.runtime.callsite.CallSiteArray.defaultCall(CallSiteArray.java:47)
	at org.codehaus.groovy.runtime.callsite.AbstractCallSite.call(AbstractCallSite.java:115)
	at org.codehaus.groovy.runtime.callsite.AbstractCallSite.call(AbstractCallSite.java:119)
	at com.okta.test.mock.application.ApplicationTestRunner.start(ApplicationTestRunner.groovy:91)
... Removed 35 stack frames]]>
    </failure>
  </testcase> <!-- @BeforeClass start -->
  <testcase classname="com.okta.test.mock.tests.ImplicitLocalValidationIT" name="@AfterClass stop" time="0.0">
    <skipped/>
  </testcase> <!-- @AfterClass stop -->
  <testcase classname="com.okta.test.mock.tests.ImplicitLocalValidationIT" name="@AfterClass stopMockServer" time="0.0">
    <skipped/>
  </testcase> <!-- @AfterClass stopMockServer -->
  <testcase classname="com.okta.test.mock.tests.CustomLoginCodeFlowRemoteValidationIT" name="@BeforeClass start" time="0.0">
    <skipped/>
  </testcase> <!-- @BeforeClass start -->
  <testcase classname="com.okta.test.mock.tests.CustomLoginCodeFlowRemoteValidationIT" name="@AfterClass stop" time="0.0">
    <skipped/>
  </testcase> <!-- @AfterClass stop -->
  <testcase classname="com.okta.test.mock.tests.CustomLoginCodeFlowRemoteValidationIT" name="@AfterClass stopMockServer" time="0.0">
    <skipped/>
  </testcase> <!-- @AfterClass stopMockServer -->
  <testcase classname="com.okta.test.mock.tests.ImplicitRemoteValidationIT" name="noToken401" time="0.02">
    <skipped/>
  </testcase> <!-- noToken401 -->
  <testcase classname="com.okta.test.mock.tests.ImplicitRemoteValidationIT" name="scopeAccessTest" time="0.001">
    <skipped/>
  </testcase> <!-- scopeAccessTest -->
  <testcase classname="com.okta.test.mock.tests.CodeFlowLocalValidationIT" name="followRedirect" time="0.0">
    <skipped/>
  </testcase> <!-- followRedirect -->
  <testcase classname="com.okta.test.mock.tests.CodeFlowLocalValidationIT" name="invalidSignatureAccessTokenJwtTest" time="0.0">
    <skipped/>
  </testcase> <!-- invalidSignatureAccessTokenJwtTest -->
  <testcase classname="com.okta.test.mock.tests.CodeFlowLocalValidationIT" name="noAuthCodeTest" time="0.001">
    <skipped/>
  </testcase> <!-- noAuthCodeTest -->
  <testcase classname="com.okta.test.mock.tests.CodeFlowLocalValidationIT" name="redirectToLogin" time="0.0">
    <skipped/>
  </testcase> <!-- redirectToLogin -->
  <testcase classname="com.okta.test.mock.tests.CodeFlowLocalValidationIT" name="respondWithCode" time="0.0">
    <skipped/>
  </testcase> <!-- respondWithCode -->
  <testcase classname="com.okta.test.mock.tests.CodeFlowLocalValidationIT" name="wrongAudienceAccessTokenJwtTest" time="0.001">
    <skipped/>
  </testcase> <!-- wrongAudienceAccessTokenJwtTest -->
  <testcase classname="com.okta.test.mock.tests.CodeFlowLocalValidationIT" name="wrongKeyIdAccessTokenJwtTest" time="0.0">
    <skipped/>
  </testcase> <!-- wrongKeyIdAccessTokenJwtTest -->
  <testcase classname="com.okta.test.mock.tests.CodeFlowLocalValidationIT" name="wrongStateTest" time="0.0">
    <skipped/>
  </testcase> <!-- wrongStateTest -->
  <testcase classname="com.okta.test.mock.tests.CustomLoginCodeFlowLocalValidationIT" name="followRedirect" time="0.0">
    <skipped/>
  </testcase> <!-- followRedirect -->
  <testcase classname="com.okta.test.mock.tests.CustomLoginCodeFlowLocalValidationIT" name="invalidSignatureAccessTokenJwtTest" time="0.0">
    <skipped/>
  </testcase> <!-- invalidSignatureAccessTokenJwtTest -->
  <testcase classname="com.okta.test.mock.tests.CustomLoginCodeFlowLocalValidationIT" name="noAuthCodeTest" time="0.0">
    <skipped/>
  </testcase> <!-- noAuthCodeTest -->
  <testcase classname="com.okta.test.mock.tests.CustomLoginCodeFlowLocalValidationIT" name="redirectToLogin" time="0.0">
    <skipped/>
  </testcase> <!-- redirectToLogin -->
  <testcase classname="com.okta.test.mock.tests.CustomLoginCodeFlowLocalValidationIT" name="respondWithCode" time="0.0">
    <skipped/>
  </testcase> <!-- respondWithCode -->
  <testcase classname="com.okta.test.mock.tests.CustomLoginCodeFlowLocalValidationIT" name="wrongAudienceAccessTokenJwtTest" time="0.001">
    <skipped/>
  </testcase> <!-- wrongAudienceAccessTokenJwtTest -->
  <testcase classname="com.okta.test.mock.tests.CustomLoginCodeFlowLocalValidationIT" name="wrongKeyIdAccessTokenJwtTest" time="0.0">
    <skipped/>
  </testcase> <!-- wrongKeyIdAccessTokenJwtTest -->
  <testcase classname="com.okta.test.mock.tests.CustomLoginCodeFlowLocalValidationIT" name="wrongStateTest" time="0.0">
    <skipped/>
  </testcase> <!-- wrongStateTest -->
  <testcase classname="com.okta.test.mock.tests.CodeFlowRemoteValidationIT" name="followRedirect" time="0.0">
    <skipped/>
  </testcase> <!-- followRedirect -->
  <testcase classname="com.okta.test.mock.tests.CodeFlowRemoteValidationIT" name="respondWithCode" time="0.0">
    <skipped/>
  </testcase> <!-- respondWithCode -->
  <testcase classname="com.okta.test.mock.tests.OIDCCodeFlowLocalValidationIT" name="expiredIdTokenJwtTest" time="0.001">
    <skipped/>
  </testcase> <!-- expiredIdTokenJwtTest -->
  <testcase classname="com.okta.test.mock.tests.OIDCCodeFlowLocalValidationIT" name="followRedirect" time="0.0">
    <skipped/>
  </testcase> <!-- followRedirect -->
  <testcase classname="com.okta.test.mock.tests.OIDCCodeFlowLocalValidationIT" name="inactiveTokenJwtTest" time="0.0">
    <skipped/>
  </testcase> <!-- inactiveTokenJwtTest -->
  <testcase classname="com.okta.test.mock.tests.OIDCCodeFlowLocalValidationIT" name="invalidIssuerIdTokenJwtTest" time="0.0">
    <skipped/>
  </testcase> <!-- invalidIssuerIdTokenJwtTest -->
  <testcase classname="com.okta.test.mock.tests.OIDCCodeFlowLocalValidationIT" name="invalidSignatureIdTokenJwtTest" time="0.001">
    <skipped/>
  </testcase> <!-- invalidSignatureIdTokenJwtTest -->
  <testcase classname="com.okta.test.mock.tests.OIDCCodeFlowLocalValidationIT" name="issuedInFutureIdTokenJwtTest" time="0.0">
    <skipped/>
  </testcase> <!-- issuedInFutureIdTokenJwtTest -->
  <testcase classname="com.okta.test.mock.tests.OIDCCodeFlowLocalValidationIT" name="noAuthCodeTest" time="0.0">
    <skipped/>
  </testcase> <!-- noAuthCodeTest -->
  <testcase classname="com.okta.test.mock.tests.OIDCCodeFlowLocalValidationIT" name="respondWithCode" time="0.001">
    <skipped/>
  </testcase> <!-- respondWithCode -->
  <testcase classname="com.okta.test.mock.tests.OIDCCodeFlowLocalValidationIT" name="unsignedIdTokenJwtTest" time="0.0">
    <skipped/>
  </testcase> <!-- unsignedIdTokenJwtTest -->
  <testcase classname="com.okta.test.mock.tests.OIDCCodeFlowLocalValidationIT" name="wrongAudienceIdTokenJwtTest" time="0.0">
    <skipped/>
  </testcase> <!-- wrongAudienceIdTokenJwtTest -->
  <testcase classname="com.okta.test.mock.tests.OIDCCodeFlowLocalValidationIT" name="wrongKeyIdIdTokenJwtTest" time="0.0">
    <skipped/>
  </testcase> <!-- wrongKeyIdIdTokenJwtTest -->
  <testcase classname="com.okta.test.mock.tests.OIDCCodeFlowLocalValidationIT" name="wrongStateTest" time="0.0">
    <skipped/>
  </testcase> <!-- wrongStateTest -->
  <testcase classname="com.okta.test.mock.tests.ImplicitLocalValidationIT" name="accessKeyNonTrustedKeyTest" time="0.001">
    <skipped/>
  </testcase> <!-- accessKeyNonTrustedKeyTest -->
  <testcase classname="com.okta.test.mock.tests.ImplicitLocalValidationIT" name="inactiveAccessTokenTest" time="0.0">
    <skipped/>
  </testcase> <!-- inactiveAccessTokenTest -->
  <testcase classname="com.okta.test.mock.tests.ImplicitLocalValidationIT" name="noToken401Test" time="0.0">
    <skipped/>
  </testcase> <!-- noToken401Test -->
  <testcase classname="com.okta.test.mock.tests.ImplicitLocalValidationIT" name="nonJWTAccessKeyTest" time="0.0">
    <skipped/>
  </testcase> <!-- nonJWTAccessKeyTest -->
  <testcase classname="com.okta.test.mock.tests.ImplicitLocalValidationIT" name="scopeAccessTokenTest" time="0.0">
    <skipped/>
  </testcase> <!-- scopeAccessTokenTest -->
  <testcase classname="com.okta.test.mock.tests.ImplicitLocalValidationIT" name="wrongAudienceAccessTokenTest" time="0.0">
    <skipped/>
  </testcase> <!-- wrongAudienceAccessTokenTest -->
  <testcase classname="com.okta.test.mock.tests.ImplicitLocalValidationIT" name="wrongScopeAccessTokenTest" time="0.0">
    <skipped/>
  </testcase> <!-- wrongScopeAccessTokenTest -->
  <testcase classname="com.okta.test.mock.tests.CustomLoginCodeFlowRemoteValidationIT" name="followRedirect" time="0.0">
    <skipped/>
  </testcase> <!-- followRedirect -->
  <testcase classname="com.okta.test.mock.tests.CustomLoginCodeFlowRemoteValidationIT" name="respondWithCode" time="0.0">
    <skipped/>
  </testcase> <!-- respondWithCode -->
</testsuite> <!-- Surefire test -->
