<?xml version="1.0" encoding="UTF-8"?>
<testsuite xmlns:xsi="http://www.w3.org/2001/XMLSchema-instance" xsi:noNamespaceSchemaLocation="https://maven.apache.org/surefire/maven-failsafe-plugin/xsd/failsafe-test-report.xsd" name="TestSuite" time="11.222" tests="47" errors="0" skipped="46" failures="1">
  <properties>
[...]
</properties>
  <testcase name="noToken401" classname="com.okta.test.mock.tests.ImplicitRemoteValidationIT" time="0">
    <skipped message="Skipping the disabled test - noToken401"/>
  </testcase>
  <testcase name="scopeAccessTest" classname="com.okta.test.mock.tests.ImplicitRemoteValidationIT" time="0">
    <skipped message="Skipping the disabled test - scopeAccessTest"/>
  </testcase>
  <testcase name="followRedirect" classname="com.okta.test.mock.tests.CodeFlowLocalValidationIT" time="0">
    <skipped message="Skipping the disabled test - followRedirect"/>
  </testcase>
  <testcase name="invalidSignatureAccessTokenJwtTest" classname="com.okta.test.mock.tests.CodeFlowLocalValidationIT" time="0">
    <skipped message="Skipping the disabled test - invalidSignatureAccessTokenJwtTest"/>
  </testcase>
  <testcase name="noAuthCodeTest" classname="com.okta.test.mock.tests.CodeFlowLocalValidationIT" time="0">
    <skipped message="Skipping the disabled test - noAuthCodeTest"/>
  </testcase>
  <testcase name="redirectToLogin" classname="com.okta.test.mock.tests.CodeFlowLocalValidationIT" time="0">
    <skipped message="Skipping the disabled test - redirectToLogin"/>
  </testcase>
  <testcase name="respondWithCode" classname="com.okta.test.mock.tests.CodeFlowLocalValidationIT" time="0">
    <skipped message="Skipping the disabled test - respondWithCode"/>
  </testcase>
  <testcase name="wrongAudienceAccessTokenJwtTest" classname="com.okta.test.mock.tests.CodeFlowLocalValidationIT" time="0">
    <skipped message="Skipping the disabled test - wrongAudienceAccessTokenJwtTest"/>
  </testcase>
  <testcase name="wrongKeyIdAccessTokenJwtTest" classname="com.okta.test.mock.tests.CodeFlowLocalValidationIT" time="0">
    <skipped message="Skipping the disabled test - wrongKeyIdAccessTokenJwtTest"/>
  </testcase>
  <testcase name="wrongStateTest" classname="com.okta.test.mock.tests.CodeFlowLocalValidationIT" time="0">
    <skipped message="Skipping the disabled test - wrongStateTest"/>
  </testcase>
  <testcase name="followRedirect" classname="com.okta.test.mock.tests.CustomLoginCodeFlowLocalValidationIT" time="0">
    <skipped message="Skipping the disabled test - followRedirect"/>
  </testcase>
  <testcase name="invalidSignatureAccessTokenJwtTest" classname="com.okta.test.mock.tests.CustomLoginCodeFlowLocalValidationIT" time="0">
    <skipped message="Skipping the disabled test - invalidSignatureAccessTokenJwtTest"/>
  </testcase>
  <testcase name="noAuthCodeTest" classname="com.okta.test.mock.tests.CustomLoginCodeFlowLocalValidationIT" time="0">
    <skipped message="Skipping the disabled test - noAuthCodeTest"/>
  </testcase>
  <testcase name="redirectToLogin" classname="com.okta.test.mock.tests.CustomLoginCodeFlowLocalValidationIT" time="0">
    <skipped message="Skipping the disabled test - redirectToLogin"/>
  </testcase>
  <testcase name="respondWithCode" classname="com.okta.test.mock.tests.CustomLoginCodeFlowLocalValidationIT" time="0">
    <skipped message="Skipping the disabled test - respondWithCode"/>
  </testcase>
  <testcase name="wrongAudienceAccessTokenJwtTest" classname="com.okta.test.mock.tests.CustomLoginCodeFlowLocalValidationIT" time="0">
    <skipped message="Skipping the disabled test - wrongAudienceAccessTokenJwtTest"/>
  </testcase>
  <testcase name="wrongKeyIdAccessTokenJwtTest" classname="com.okta.test.mock.tests.CustomLoginCodeFlowLocalValidationIT" time="0">
    <skipped message="Skipping the disabled test - wrongKeyIdAccessTokenJwtTest"/>
  </testcase>
  <testcase name="wrongStateTest" classname="com.okta.test.mock.tests.CustomLoginCodeFlowLocalValidationIT" time="0">
    <skipped message="Skipping the disabled test - wrongStateTest"/>
  </testcase>
  <testcase name="followRedirect" classname="com.okta.test.mock.tests.CodeFlowRemoteValidationIT" time="0">
    <skipped message="Skipping the disabled test - followRedirect"/>
  </testcase>
  <testcase name="respondWithCode" classname="com.okta.test.mock.tests.CodeFlowRemoteValidationIT" time="0">
    <skipped message="Skipping the disabled test - respondWithCode"/>
  </testcase>
  <testcase name="expiredIdTokenJwtTest" classname="com.okta.test.mock.tests.OIDCCodeFlowLocalValidationIT" time="0">
    <skipped message="Skipping the disabled test - expiredIdTokenJwtTest"/>
  </testcase>
  <testcase name="followRedirect" classname="com.okta.test.mock.tests.OIDCCodeFlowLocalValidationIT" time="0">
    <skipped message="Skipping the disabled test - followRedirect"/>
  </testcase>
  <testcase name="inactiveTokenJwtTest" classname="com.okta.test.mock.tests.OIDCCodeFlowLocalValidationIT" time="0">
    <skipped message="Skipping the disabled test - inactiveTokenJwtTest"/>
  </testcase>
  <testcase name="invalidIssuerIdTokenJwtTest" classname="com.okta.test.mock.tests.OIDCCodeFlowLocalValidationIT" time="0">
    <skipped message="Skipping the disabled test - invalidIssuerIdTokenJwtTest"/>
  </testcase>
  <testcase name="invalidSignatureIdTokenJwtTest" classname="com.okta.test.mock.tests.OIDCCodeFlowLocalValidationIT" time="0">
    <skipped message="Skipping the disabled test - invalidSignatureIdTokenJwtTest"/>
  </testcase>
  <testcase name="issuedInFutureIdTokenJwtTest" classname="com.okta.test.mock.tests.OIDCCodeFlowLocalValidationIT" time="0">
    <skipped message="Skipping the disabled test - issuedInFutureIdTokenJwtTest"/>
  </testcase>
  <testcase name="noAuthCodeTest" classname="com.okta.test.mock.tests.OIDCCodeFlowLocalValidationIT" time="0">
    <skipped message="Skipping the disabled test - noAuthCodeTest"/>
  </testcase>
  <testcase name="respondWithCode" classname="com.okta.test.mock.tests.OIDCCodeFlowLocalValidationIT" time="0">
    <skipped message="Skipping the disabled test - respondWithCode"/>
  </testcase>
  <testcase name="unsignedIdTokenJwtTest" classname="com.okta.test.mock.tests.OIDCCodeFlowLocalValidationIT" time="0">
    <skipped message="Skipping the disabled test - unsignedIdTokenJwtTest"/>
  </testcase>
  <testcase name="wrongAudienceIdTokenJwtTest" classname="com.okta.test.mock.tests.OIDCCodeFlowLocalValidationIT" time="0">
    <skipped message="Skipping the disabled test - wrongAudienceIdTokenJwtTest"/>
  </testcase>
  <testcase name="wrongKeyIdIdTokenJwtTest" classname="com.okta.test.mock.tests.OIDCCodeFlowLocalValidationIT" time="0">
    <skipped message="Skipping the disabled test - wrongKeyIdIdTokenJwtTest"/>
  </testcase>
  <testcase name="wrongStateTest" classname="com.okta.test.mock.tests.OIDCCodeFlowLocalValidationIT" time="0">
    <skipped message="Skipping the disabled test - wrongStateTest"/>
  </testcase>
  <testcase name="start" classname="com.okta.test.mock.tests.ImplicitLocalValidationIT" time="3.397">
    <failure message="Process did not start: ./mvnw: exit status: 1" type="java.lang.AssertionError">java.lang.AssertionError: Process did not start: ./mvnw: exit status: 1
</failure>
    <system-out><![CDATA[15:41:25.806 [main] INFO  wiremock.org.eclipse.jetty.util.log - Logging initialized @8378ms
15:41:27.877 [main] INFO  w.org.eclipse.jetty.server.Server - jetty-9.2.z-SNAPSHOT
15:41:27.891 [main] INFO  w.o.e.j.s.handler.ContextHandler - Started w.o.e.j.s.ServletContextHandler@32f96bba{/__admin,null,AVAILABLE}
15:41:27.892 [main] INFO  w.o.e.j.s.handler.ContextHandler - Started w.o.e.j.s.ServletContextHandler@72eb6200{/,null,AVAILABLE}
15:41:27.905 [main] INFO  w.o.e.j.s.NetworkTrafficServerConnector - Started NetworkTrafficServerConnector@541f50c6{HTTP/1.1}{0.0.0.0:64648}
15:41:27.928 [main] INFO  w.o.e.j.s.NetworkTrafficServerConnector - Started NetworkTrafficServerConnector@6d67f5eb{SSL-http/1.1}{0.0.0.0:64649}
15:41:27.928 [main] INFO  w.org.eclipse.jetty.server.Server - Started @10503ms
15:41:27.948 [main] INFO  c.o.t.m.a.CliApplicationUnderTest - Starting process: [./mvnw, -Dserver.port=64647, -Dokta.oauth2.issuer=https://localhost:64649/oauth2/default, -Dokta.oauth2.clientId=OOICU812, -Dserver.servlet.session.tracking-modes=cookie, -Djavax.net.ssl.trustStore=target/tck-keystore.jks, --batch-mode], logging to file: target/./mvnw-2021-03-01T21:41:27Z
]]></system-out>
  </testcase>
  <testcase name="accessKeyNonTrustedKeyTest" classname="com.okta.test.mock.tests.ImplicitLocalValidationIT" time="0">
    <skipped/>
  </testcase>
  <testcase name="inactiveAccessTokenTest" classname="com.okta.test.mock.tests.ImplicitLocalValidationIT" time="0">
    <skipped/>
  </testcase>
  <testcase name="noToken401Test" classname="com.okta.test.mock.tests.ImplicitLocalValidationIT" time="0">
    <skipped/>
  </testcase>
  <testcase name="nonJWTAccessKeyTest" classname="com.okta.test.mock.tests.ImplicitLocalValidationIT" time="0">
    <skipped/>
  </testcase>
  <testcase name="scopeAccessTokenTest" classname="com.okta.test.mock.tests.ImplicitLocalValidationIT" time="0">
    <skipped/>
  </testcase>
  <testcase name="wrongAudienceAccessTokenTest" classname="com.okta.test.mock.tests.ImplicitLocalValidationIT" time="0">
    <skipped/>
  </testcase>
  <testcase name="wrongScopeAccessTokenTest" classname="com.okta.test.mock.tests.ImplicitLocalValidationIT" time="0">
    <skipped/>
  </testcase>
  <testcase name="stop" classname="com.okta.test.mock.tests.ImplicitLocalValidationIT" time="0">
    <skipped/>
  </testcase>
  <testcase name="stopMockServer" classname="com.okta.test.mock.tests.ImplicitLocalValidationIT" time="0">
    <skipped/>
  </testcase>
  <testcase name="start" classname="com.okta.test.mock.tests.CustomLoginCodeFlowRemoteValidationIT" time="0">
    <skipped/>
  </testcase>
  <testcase name="followRedirect" classname="com.okta.test.mock.tests.CustomLoginCodeFlowRemoteValidationIT" time="0">
    <skipped/>
  </testcase>
  <testcase name="respondWithCode" classname="com.okta.test.mock.tests.CustomLoginCodeFlowRemoteValidationIT" time="0">
    <skipped/>
  </testcase>
  <testcase name="stop" classname="com.okta.test.mock.tests.CustomLoginCodeFlowRemoteValidationIT" time="0">
    <skipped/>
  </testcase>
  <testcase name="stopMockServer" classname="com.okta.test.mock.tests.CustomLoginCodeFlowRemoteValidationIT" time="0">
    <skipped/>
  </testcase>
</testsuite>