-------------------------------------------------------------------------------
Test set: TestSuite
-------------------------------------------------------------------------------
Tests run: 47, Failures: 1, Errors: 0, Skipped: 46, Time elapsed: 11.222 s <<< FAILURE! - in TestSuite
start(com.okta.test.mock.tests.ImplicitLocalValidationIT)  Time elapsed: 3.397 s  <<< FAILURE!
java.lang.AssertionError: Process did not start: ./mvnw: exit status: 1

